# JRE version: OpenJDK Runtime Environment (17.0.1+12) (build 17.0.1+12-Ubuntu-120.04)
# Java VM: OpenJDK 64-Bit Server VM (17.0.1+12-Ubuntu-120.04, mixed mode, sharing, tiered, compressed oops, compressed class ptrs, parallel gc, linux-amd64)
GC Precious Log:
 CPUs: 16 total, 16 available
 Memory: 15417M
 Large Page Support: Disabled
 NUMA Support: Disabled
 Compressed Oops: Enabled (32-bit)
 Alignments: Space 512K, Generation 512K, Heap 2M
 Heap Min Capacity: 100M
 Heap Initial Capacity: 100M
 Heap Max Capacity: 2G
 Pre-touch: Disabled
 Parallel Workers: 13
Heap:
 PSYoungGen      total 20992K, used 20832K [0x00000000d5580000, 0x00000000d6c00000, 0x0000000100000000)
  eden space 19456K, 100% used [0x00000000d5580000,0x00000000d6880000,0x00000000d6880000)
  from space 1536K, 89% used [0x00000000d6a80000,0x00000000d6bd8000,0x00000000d6c00000)
  to   space 1536K, 0% used [0x00000000d6900000,0x00000000d6900000,0x00000000d6a80000)
 ParOldGen       total 149504K, used 125295K [0x0000000080000000, 0x0000000089200000, 0x00000000d5580000)
  object space 149504K, 83% used [0x0000000080000000,0x0000000087a5beb8,0x0000000089200000)
 Metaspace       used 63441K, committed 64384K, reserved 1105920K
  class space    used 7719K, committed 8128K, reserved 1048576K
GC Heap History (20 events):
Event: 23.518 GC heap before
{Heap before GC invocations=217 (full 8):
 PSYoungGen      total 11776K, used 11711K [0x00000000d5580000, 0x00000000d6480000, 0x0000000100000000)
  eden space 9216K, 99% used [0x00000000d5580000,0x00000000d5e7fff8,0x00000000d5e80000)
  from space 2560K, 97% used [0x00000000d6100000,0x00000000d6370000,0x00000000d6380000)
  to   space 2560K, 0% used [0x00000000d5e80000,0x00000000d5e80000,0x00000000d6100000)
 ParOldGen       total 112128K, used 108565K [0x0000000080000000, 0x0000000086d80000, 0x00000000d5580000)
  object space 112128K, 96% used [0x0000000080000000,0x0000000086a057b8,0x0000000086d80000)
 Metaspace       used 63196K, committed 64192K, reserved 1105920K
  class space    used 7703K, committed 8128K, reserved 1048576K
}
Event: 23.521 GC heap after
{Heap after GC invocations=217 (full 8):
 PSYoungGen      total 11776K, used 2560K [0x00000000d5580000, 0x00000000d6b80000, 0x0000000100000000)
  eden space 9216K, 0% used [0x00000000d5580000,0x00000000d5580000,0x00000000d5e80000)
  from space 2560K, 100% used [0x00000000d5e80000,0x00000000d6100000,0x00000000d6100000)
  to   space 5632K, 0% used [0x00000000d6600000,0x00000000d6600000,0x00000000d6b80000)
 ParOldGen       total 112128K, used 111045K [0x0000000080000000, 0x0000000086d80000, 0x00000000d5580000)
  object space 112128K, 99% used [0x0000000080000000,0x0000000086c717b8,0x0000000086d80000)
 Metaspace       used 63196K, committed 64192K, reserved 1105920K
  class space    used 7703K, committed 8128K, reserved 1048576K
}
Event: 23.521 GC heap before
{Heap before GC invocations=218 (full 9):
 PSYoungGen      total 11776K, used 2560K [0x00000000d5580000, 0x00000000d6b80000, 0x0000000100000000)
  eden space 9216K, 0% used [0x00000000d5580000,0x00000000d5580000,0x00000000d5e80000)
  from space 2560K, 100% used [0x00000000d5e80000,0x00000000d6100000,0x00000000d6100000)
  to   space 5632K, 0% used [0x00000000d6600000,0x00000000d6600000,0x00000000d6b80000)
 ParOldGen       total 112128K, used 111045K [0x0000000080000000, 0x0000000086d80000, 0x00000000d5580000)
  object space 112128K, 99% used [0x0000000080000000,0x0000000086c717b8,0x0000000086d80000)
 Metaspace       used 63196K, committed 64192K, reserved 1105920K
  class space    used 7703K, committed 8128K, reserved 1048576K
}
Event: 23.586 GC heap after
{Heap after GC invocations=218 (full 9):
 PSYoungGen      total 15872K, used 0K [0x00000000d5580000, 0x00000000d6b00000, 0x0000000100000000)
  eden space 10752K, 0% used [0x00000000d5580000,0x00000000d5580000,0x00000000d6000000)
  from space 5120K, 0% used [0x00000000d6600000,0x00000000d6600000,0x00000000d6b00000)
  to   space 5632K, 0% used [0x00000000d6000000,0x00000000d6000000,0x00000000d6580000)
 ParOldGen       total 149504K, used 111464K [0x0000000080000000, 0x0000000089200000, 0x00000000d5580000)
  object space 149504K, 74% used [0x0000000080000000,0x0000000086cda188,0x0000000089200000)
 Metaspace       used 63196K, committed 64192K, reserved 1105920K
  class space    used 7703K, committed 8128K, reserved 1048576K
}
Event: 23.593 GC heap before
{Heap before GC invocations=219 (full 9):
 PSYoungGen      total 15872K, used 10752K [0x00000000d5580000, 0x00000000d6b00000, 0x0000000100000000)
  eden space 10752K, 100% used [0x00000000d5580000,0x00000000d6000000,0x00000000d6000000)
  from space 5120K, 0% used [0x00000000d6600000,0x00000000d6600000,0x00000000d6b00000)
  to   space 5632K, 0% used [0x00000000d6000000,0x00000000d6000000,0x00000000d6580000)
 ParOldGen       total 149504K, used 111464K [0x0000000080000000, 0x0000000089200000, 0x00000000d5580000)
  object space 149504K, 74% used [0x0000000080000000,0x0000000086cda188,0x0000000089200000)
 Metaspace       used 63196K, committed 64192K, reserved 1105920K
  class space    used 7703K, committed 8128K, reserved 1048576K
}
Event: 23.595 GC heap after
{Heap after GC invocations=219 (full 9):
 PSYoungGen      total 16384K, used 2848K [0x00000000d5580000, 0x00000000d6a00000, 0x0000000100000000)
  eden space 10752K, 0% used [0x00000000d5580000,0x00000000d5580000,0x00000000d6000000)
  from space 5632K, 50% used [0x00000000d6000000,0x00000000d62c8000,0x00000000d6580000)
  to   space 4096K, 0% used [0x00000000d6600000,0x00000000d6600000,0x00000000d6a00000)
 ParOldGen       total 149504K, used 111464K [0x0000000080000000, 0x0000000089200000, 0x00000000d5580000)
  object space 149504K, 74% used [0x0000000080000000,0x0000000086cda188,0x0000000089200000)
 Metaspace       used 63196K, committed 64192K, reserved 1105920K
  class space    used 7703K, committed 8128K, reserved 1048576K
}
Event: 23.602 GC heap before
{Heap before GC invocations=220 (full 9):
 PSYoungGen      total 16384K, used 13600K [0x00000000d5580000, 0x00000000d6a00000, 0x0000000100000000)
  eden space 10752K, 100% used [0x00000000d5580000,0x00000000d6000000,0x00000000d6000000)
  from space 5632K, 50% used [0x00000000d6000000,0x00000000d62c8000,0x00000000d6580000)
  to   space 4096K, 0% used [0x00000000d6600000,0x00000000d6600000,0x00000000d6a00000)
 ParOldGen       total 149504K, used 111464K [0x0000000080000000, 0x0000000089200000, 0x00000000d5580000)
  object space 149504K, 74% used [0x0000000080000000,0x0000000086cda188,0x0000000089200000)
 Metaspace       used 63196K, committed 64192K, reserved 1105920K
  class space    used 7703K, committed 8128K, reserved 1048576K
}
Event: 23.605 GC heap after
{Heap after GC invocations=220 (full 9):
 PSYoungGen      total 16896K, used 3680K [0x00000000d5580000, 0x00000000d6a00000, 0x0000000100000000)
  eden space 12800K, 0% used [0x00000000d5580000,0x00000000d5580000,0x00000000d6200000)
  from space 4096K, 89% used [0x00000000d6600000,0x00000000d6998000,0x00000000d6a00000)
  to   space 4096K, 0% used [0x00000000d6200000,0x00000000d6200000,0x00000000d6600000)
 ParOldGen       total 149504K, used 114096K [0x0000000080000000, 0x0000000089200000, 0x00000000d5580000)
  object space 149504K, 76% used [0x0000000080000000,0x0000000086f6c188,0x0000000089200000)
 Metaspace       used 63196K, committed 64192K, reserved 1105920K
  class space    used 7703K, committed 8128K, reserved 1048576K
}
Event: 23.611 GC heap before
{Heap before GC invocations=221 (full 9):
 PSYoungGen      total 16896K, used 16480K [0x00000000d5580000, 0x00000000d6a00000, 0x0000000100000000)
  eden space 12800K, 100% used [0x00000000d5580000,0x00000000d6200000,0x00000000d6200000)
  from space 4096K, 89% used [0x00000000d6600000,0x00000000d6998000,0x00000000d6a00000)
  to   space 4096K, 0% used [0x00000000d6200000,0x00000000d6200000,0x00000000d6600000)
 ParOldGen       total 149504K, used 114096K [0x0000000080000000, 0x0000000089200000, 0x00000000d5580000)
  object space 149504K, 76% used [0x0000000080000000,0x0000000086f6c188,0x0000000089200000)
 Metaspace       used 63196K, committed 64192K, reserved 1105920K
  class space    used 7703K, committed 8128K, reserved 1048576K
}
Event: 23.614 GC heap after
{Heap after GC invocations=221 (full 9):
 PSYoungGen      total 16896K, used 2304K [0x00000000d5580000, 0x00000000d6a00000, 0x0000000100000000)
  eden space 12800K, 0% used [0x00000000d5580000,0x00000000d5580000,0x00000000d6200000)
  from space 4096K, 56% used [0x00000000d6200000,0x00000000d6440000,0x00000000d6600000)
  to   space 3072K, 0% used [0x00000000d6700000,0x00000000d6700000,0x00000000d6a00000)
 ParOldGen       total 149504K, used 117544K [0x0000000080000000, 0x0000000089200000, 0x00000000d5580000)
  object space 149504K, 78% used [0x0000000080000000,0x00000000872ca188,0x0000000089200000)
 Metaspace       used 63196K, committed 64192K, reserved 1105920K
  class space    used 7703K, committed 8128K, reserved 1048576K
}
Event: 23.621 GC heap before
{Heap before GC invocations=222 (full 9):
 PSYoungGen      total 16896K, used 15104K [0x00000000d5580000, 0x00000000d6a00000, 0x0000000100000000)
  eden space 12800K, 100% used [0x00000000d5580000,0x00000000d6200000,0x00000000d6200000)
  from space 4096K, 56% used [0x00000000d6200000,0x00000000d6440000,0x00000000d6600000)
  to   space 3072K, 0% used [0x00000000d6700000,0x00000000d6700000,0x00000000d6a00000)
 ParOldGen       total 149504K, used 117544K [0x0000000080000000, 0x0000000089200000, 0x00000000d5580000)
  object space 149504K, 78% used [0x0000000080000000,0x00000000872ca188,0x0000000089200000)
 Metaspace       used 63196K, committed 64192K, reserved 1105920K
  class space    used 7703K, committed 8128K, reserved 1048576K
}
Event: 23.624 GC heap after
{Heap after GC invocations=222 (full 9):
 PSYoungGen      total 17408K, used 2240K [0x00000000d5580000, 0x00000000d6980000, 0x0000000100000000)
  eden space 14848K, 0% used [0x00000000d5580000,0x00000000d5580000,0x00000000d6400000)
  from space 2560K, 87% used [0x00000000d6700000,0x00000000d6930000,0x00000000d6980000)
  to   space 2560K, 0% used [0x00000000d6480000,0x00000000d6480000,0x00000000d6700000)
 ParOldGen       total 149504K, used 119639K [0x0000000080000000, 0x0000000089200000, 0x00000000d5580000)
  object space 149504K, 80% used [0x0000000080000000,0x00000000874d5c90,0x0000000089200000)
 Metaspace       used 63196K, committed 64192K, reserved 1105920K
  class space    used 7703K, committed 8128K, reserved 1048576K
}
Event: 23.636 GC heap before
{Heap before GC invocations=223 (full 9):
 PSYoungGen      total 17408K, used 17088K [0x00000000d5580000, 0x00000000d6980000, 0x0000000100000000)
  eden space 14848K, 100% used [0x00000000d5580000,0x00000000d6400000,0x00000000d6400000)
  from space 2560K, 87% used [0x00000000d6700000,0x00000000d6930000,0x00000000d6980000)
  to   space 2560K, 0% used [0x00000000d6480000,0x00000000d6480000,0x00000000d6700000)
 ParOldGen       total 149504K, used 119639K [0x0000000080000000, 0x0000000089200000, 0x00000000d5580000)
  object space 149504K, 80% used [0x0000000080000000,0x00000000874d5c90,0x0000000089200000)
 Metaspace       used 63196K, committed 64192K, reserved 1105920K
  class space    used 7703K, committed 8128K, reserved 1048576K
}
Event: 23.639 GC heap after
{Heap after GC invocations=223 (full 9):
 PSYoungGen      total 17920K, used 1248K [0x00000000d5580000, 0x00000000d6a00000, 0x0000000100000000)
  eden space 15360K, 0% used [0x00000000d5580000,0x00000000d5580000,0x00000000d6480000)
  from space 2560K, 48% used [0x00000000d6480000,0x00000000d65b8000,0x00000000d6700000)
  to   space 2048K, 0% used [0x00000000d6800000,0x00000000d6800000,0x00000000d6a00000)
 ParOldGen       total 149504K, used 121739K [0x0000000080000000, 0x0000000089200000, 0x00000000d5580000)
  object space 149504K, 81% used [0x0000000080000000,0x00000000876e2ff0,0x0000000089200000)
 Metaspace       used 63196K, committed 64192K, reserved 1105920K
  class space    used 7703K, committed 8128K, reserved 1048576K
}
Event: 23.652 GC heap before
{Heap before GC invocations=224 (full 9):
 PSYoungGen      total 17920K, used 16608K [0x00000000d5580000, 0x00000000d6a00000, 0x0000000100000000)
  eden space 15360K, 100% used [0x00000000d5580000,0x00000000d6480000,0x00000000d6480000)
  from space 2560K, 48% used [0x00000000d6480000,0x00000000d65b8000,0x00000000d6700000)
  to   space 2048K, 0% used [0x00000000d6800000,0x00000000d6800000,0x00000000d6a00000)
 ParOldGen       total 149504K, used 121739K [0x0000000080000000, 0x0000000089200000, 0x00000000d5580000)
  object space 149504K, 81% used [0x0000000080000000,0x00000000876e2ff0,0x0000000089200000)
 Metaspace       used 63196K, committed 64192K, reserved 1105920K
  class space    used 7703K, committed 8128K, reserved 1048576K
}
Event: 23.656 GC heap after
{Heap after GC invocations=224 (full 9):
 PSYoungGen      total 18944K, used 1472K [0x00000000d5580000, 0x00000000d6980000, 0x0000000100000000)
  eden space 17408K, 0% used [0x00000000d5580000,0x00000000d5580000,0x00000000d6680000)
  from space 1536K, 95% used [0x00000000d6800000,0x00000000d6970000,0x00000000d6980000)
  to   space 1536K, 0% used [0x00000000d6680000,0x00000000d6680000,0x00000000d6800000)
 ParOldGen       total 149504K, used 122771K [0x0000000080000000, 0x0000000089200000, 0x00000000d5580000)
  object space 149504K, 82% used [0x0000000080000000,0x00000000877e4ff0,0x0000000089200000)
 Metaspace       used 63196K, committed 64192K, reserved 1105920K
  class space    used 7703K, committed 8128K, reserved 1048576K
}
Event: 23.676 GC heap before
{Heap before GC invocations=225 (full 9):
 PSYoungGen      total 18944K, used 18880K [0x00000000d5580000, 0x00000000d6980000, 0x0000000100000000)
  eden space 17408K, 100% used [0x00000000d5580000,0x00000000d6680000,0x00000000d6680000)
  from space 1536K, 95% used [0x00000000d6800000,0x00000000d6970000,0x00000000d6980000)
  to   space 1536K, 0% used [0x00000000d6680000,0x00000000d6680000,0x00000000d6800000)
 ParOldGen       total 149504K, used 122771K [0x0000000080000000, 0x0000000089200000, 0x00000000d5580000)
  object space 149504K, 82% used [0x0000000080000000,0x00000000877e4ff0,0x0000000089200000)
 Metaspace       used 63366K, committed 64320K, reserved 1105920K
  class space    used 7717K, committed 8128K, reserved 1048576K
}
Event: 23.678 GC heap after
{Heap after GC invocations=225 (full 9):
 PSYoungGen      total 18944K, used 1536K [0x00000000d5580000, 0x00000000d6c80000, 0x0000000100000000)
  eden space 17408K, 0% used [0x00000000d5580000,0x00000000d5580000,0x00000000d6680000)
  from space 1536K, 100% used [0x00000000d6680000,0x00000000d6800000,0x00000000d6800000)
  to   space 2048K, 0% used [0x00000000d6a80000,0x00000000d6a80000,0x00000000d6c80000)
 ParOldGen       total 149504K, used 124051K [0x0000000080000000, 0x0000000089200000, 0x00000000d5580000)
  object space 149504K, 82% used [0x0000000080000000,0x0000000087924ff0,0x0000000089200000)
 Metaspace       used 63366K, committed 64320K, reserved 1105920K
  class space    used 7717K, committed 8128K, reserved 1048576K
}
Event: 23.696 GC heap before
{Heap before GC invocations=226 (full 9):
 PSYoungGen      total 18944K, used 18944K [0x00000000d5580000, 0x00000000d6c80000, 0x0000000100000000)
  eden space 17408K, 100% used [0x00000000d5580000,0x00000000d6680000,0x00000000d6680000)
  from space 1536K, 100% used [0x00000000d6680000,0x00000000d6800000,0x00000000d6800000)
  to   space 2048K, 0% used [0x00000000d6a80000,0x00000000d6a80000,0x00000000d6c80000)
 ParOldGen       total 149504K, used 124051K [0x0000000080000000, 0x0000000089200000, 0x00000000d5580000)
  object space 149504K, 82% used [0x0000000080000000,0x0000000087924ff0,0x0000000089200000)
 Metaspace       used 63394K, committed 64384K, reserved 1105920K
  class space    used 7719K, committed 8128K, reserved 1048576K
}
Event: 23.697 GC heap after
{Heap after GC invocations=226 (full 9):
 PSYoungGen      total 20992K, used 1376K [0x00000000d5580000, 0x00000000d6c00000, 0x0000000100000000)
  eden space 19456K, 0% used [0x00000000d5580000,0x00000000d5580000,0x00000000d6880000)
  from space 1536K, 89% used [0x00000000d6a80000,0x00000000d6bd8000,0x00000000d6c00000)
  to   space 1536K, 0% used [0x00000000d6900000,0x00000000d6900000,0x00000000d6a80000)
 ParOldGen       total 149504K, used 125295K [0x0000000080000000, 0x0000000089200000, 0x00000000d5580000)
  object space 149504K, 83% used [0x0000000080000000,0x0000000087a5beb8,0x0000000089200000)
 Metaspace       used 63394K, committed 64384K, reserved 1105920K
  class space    used 7719K, committed 8128K, reserved 1048576K
}

